<?xml version="1.0" encoding="UTF-8"?>
<!-- Generated by org.testng.reporters.JUnitReportReporter -->
<testsuite hostname="DESKTOP-CSNQIQB" failures="0" tests="2" name="testngpgms.TestngSuitegroups" time="17.993" errors="0" timestamp="2023-05-12T07:18:25 IST" skipped="0">
  <testcase classname="testngpgms.TestngSuitegroups" name="swiggy" time="6.715"/>
  <system-out/>
  <testcase classname="testngpgms.TestngSuitegroups" name="zomato" time="11.278"/>
  <system-out/>
</testsuite> <!-- testngpgms.TestngSuitegroups -->
