<?xml version="1.0" encoding="UTF-8"?>
<!-- Generated by org.testng.reporters.JUnitReportReporter -->
<testsuite hostname="DESKTOP-CSNQIQB" failures="0" tests="3" name="testngpgms.Alertwindowspgm" time="57.821" errors="0" timestamp="2023-05-17T07:09:40 IST" skipped="2">
  <testcase classname="testngpgms.Alertwindowspgm" name="alertEntertextandokorcancle" time="57.821"/>
  <system-out/>
  <testcase classname="testngpgms.Alertwindowspgm" name="alertkOrcancle">
    <skipped/>
  </testcase> <!-- alertkOrcancle -->
  <system-out/>
  <testcase classname="testngpgms.Alertwindowspgm" name="alertWindowsok">
    <skipped/>
  </testcase> <!-- alertWindowsok -->
  <system-out/>
</testsuite> <!-- testngpgms.Alertwindowspgm -->
