<?xml version="1.0" encoding="UTF-8"?>
<!-- Generated by org.testng.reporters.JUnitReportReporter -->
<testsuite hostname="DESKTOP-CSNQIQB" failures="0" tests="3" name="testngpgms.TestngSuiteinclude" time="8.886" errors="0" timestamp="2023-05-11T18:52:05 IST" skipped="0">
  <testcase classname="testngpgms.TestngSuiteinclude" name="gmail" time="3.051"/>
  <system-out/>
  <testcase classname="testngpgms.TestngSuiteinclude" name="facebook" time="1.485"/>
  <system-out/>
  <testcase classname="testngpgms.TestngSuiteinclude" name="twitter" time="4.350"/>
  <system-out/>
</testsuite> <!-- testngpgms.TestngSuiteinclude -->
