<?xml version="1.0" encoding="UTF-8"?>
<!-- Generated by org.testng.reporters.JUnitReportReporter -->
<testsuite hostname="DESKTOP-CSNQIQB" failures="0" tests="1" name="testngpgms.Dropdownpgm" time="18.518" errors="0" timestamp="2023-05-14T18:04:36 IST" skipped="0">
  <testcase classname="testngpgms.Dropdownpgm" name="dropDownsamples" time="18.518"/>
  <system-out/>
</testsuite> <!-- testngpgms.Dropdownpgm -->
