<?xml version="1.0" encoding="UTF-8"?>
<!-- Generated by org.testng.reporters.JUnitReportReporter -->
<testsuite hostname="DESKTOP-CSNQIQB" failures="0" tests="2" name="testngpgms.TestngDependsonmethods" time="4.786" errors="0" timestamp="2023-05-11T18:18:32 IST" skipped="0">
  <testcase classname="testngpgms.TestngDependsonmethods" name="test2" time="1.943"/>
  <system-out/>
  <testcase classname="testngpgms.TestngDependsonmethods" name="test1" time="2.843"/>
  <system-out/>
</testsuite> <!-- testngpgms.TestngDependsonmethods -->
