<?xml version="1.0" encoding="UTF-8"?>
<!-- Generated by org.testng.reporters.JUnitReportReporter -->
<testsuite hostname="DESKTOP-CSNQIQB" failures="0" tests="4" name="testngpgms.TestngAlphabet" time="8.795" errors="0" timestamp="2023-05-09T17:31:33 IST" skipped="0">
  <testcase classname="testngpgms.TestngAlphabet" name="instagram" time="1.526"/>
  <system-out/>
  <testcase classname="testngpgms.TestngAlphabet" name="gmail" time="2.143"/>
  <system-out/>
  <testcase classname="testngpgms.TestngAlphabet" name="facebook" time="1.355"/>
  <system-out/>
  <testcase classname="testngpgms.TestngAlphabet" name="twitter" time="3.771"/>
  <system-out/>
</testsuite> <!-- testngpgms.TestngAlphabet -->
