<?xml version="1.0" encoding="UTF-8"?>
<!-- Generated by org.testng.reporters.JUnitReportReporter -->
<testsuite hostname="DESKTOP-CSNQIQB" failures="0" tests="4" name="testngpgms.TestngPriority" time="9.400" errors="0" timestamp="2023-05-09T17:37:42 IST" skipped="1">
  <testcase classname="testngpgms.TestngPriority" name="gmail" time="4.034"/>
  <system-out/>
  <testcase classname="testngpgms.TestngPriority" name="twitter" time="3.467"/>
  <system-out/>
  <testcase classname="testngpgms.TestngPriority" name="instagram" time="1.899"/>
  <system-out/>
  <testcase classname="testngpgms.TestngPriority" name="facebook">
    <skipped/>
  </testcase> <!-- facebook -->
  <system-out/>
</testsuite> <!-- testngpgms.TestngPriority -->
